

Processing HomeController#index (for 127.0.0.1 at Thu Nov 18 00:54:02 Pacific Standard Time 2004)
  Parameters: {"action"=>"index", "id"=>nil, "controller"=>"home"}
Rendering home/index within layouts/castlelayout
Rendering layouts/castlelayout (200 OK)
Completed in 0.016000 (62 reqs/sec) | Rendering: 0.016000 (100%)


Processing HomeController#index (for 127.0.0.1 at Thu Nov 18 00:54:07 Pacific Standard Time 2004)
  Parameters: {"action"=>"index", "id"=>nil, "controller"=>"home"}
Rendering home/index within layouts/castlelayout
Rendering layouts/castlelayout (200 OK)
Completed in 0.000100 (10000 reqs/sec) | Rendering: 0.000000 (0%)


Processing HomeController#index (for 127.0.0.1 at Thu Nov 18 00:54:10 Pacific Standard Time 2004)
  Parameters: {"action"=>"index", "id"=>nil, "controller"=>"home"}
Rendering home/index within layouts/castlelayout
Rendering layouts/castlelayout (200 OK)
Completed in 0.000100 (10000 reqs/sec) | Rendering: 0.000000 (0%)


Processing HomeController#index (for 127.0.0.1 at Thu Nov 18 00:54:41 Pacific Standard Time 2004)
  Parameters: {"action"=>"index", "id"=>nil, "controller"=>"home"}
Rendering home/index within layouts/castlelayout
Rendering layouts/castlelayout (200 OK)
Completed in 0.000100 (10000 reqs/sec) | Rendering: 0.000000 (0%)


Processing HomeController#index (for 127.0.0.1 at Thu Nov 18 00:56:03 Pacific Standard Time 2004)
  Parameters: {"action"=>"index", "id"=>nil, "controller"=>"home"}
Rendering home/index within layouts/castlelayout
Rendering layouts/castlelayout (200 OK)
Completed in 0.016000 (62 reqs/sec) | Rendering: 0.016000 (100%)


Processing HomeController#index (for 127.0.0.1 at Thu Nov 18 00:57:15 Pacific Standard Time 2004)
  Parameters: {"action"=>"index", "id"=>nil, "controller"=>"home"}
Rendering home/index within layouts/castlelayout
Rendering layouts/castlelayout (200 OK)
Completed in 0.016000 (62 reqs/sec) | Rendering: 0.016000 (100%)


Processing HomeController#index (for 127.0.0.1 at Thu Nov 18 01:12:27 Pacific Standard Time 2004)
  Parameters: {"action"=>"index", "id"=>nil, "controller"=>"home"}
Rendering home/index within layouts/castlelayout
Rendering layouts/castlelayout (200 OK)


ActionView::TemplateError (undefined method `show_link' for nil:NilClass) on line #27 of /layouts/castlelayout.rhtml:
24: 		<td>
25: <% if has_topmenu %>
26: 		<div class="menubar">
27:         <%= show_topmenu() %>
28: 		</div>
29: <% end %>
30: 		</td>

    E:/dev/projects/digitalgravity/castle/trunk/site/railssiteapp/helpers/application_helper.rb:50:in `show_topmenu'
    E:/dev/projects/digitalgravity/castle/trunk/site/railssiteapp/helpers/application_helper.rb:48:in `each'
    E:/dev/projects/digitalgravity/castle/trunk/site/railssiteapp/helpers/application_helper.rb:48:in `show_topmenu'
    (erb):27:in `render_template'
    /gems/actionpack-0.9.5/lib/action_view/base.rb:201:in `render_template'
    /gems/actionpack-0.9.5/lib/action_view/base.rb:176:in `render_file'
    /gems/actionpack-0.9.5/lib/action_controller/base.rb:358:in `render_file'
    /gems/actionpack-0.9.5/lib/action_controller/base.rb:340:in `render_without_layout'
    /gems/actionpack-0.9.5/lib/action_controller/layout.rb:143:in `render_without_benchmark'
    /gems/actionpack-0.9.5/lib/action_controller/benchmarking.rb:22:in `render'
    /gems/actionpack-0.9.5/lib/action_controller/benchmarking.rb:22:in `measure'
    /gems/actionpack-0.9.5/lib/action_controller/benchmarking.rb:22:in `render'
    /gems/actionpack-0.9.5/lib/action_controller/base.rb:578:in `perform_action_without_filters'
    /gems/actionpack-0.9.5/lib/action_controller/filters.rb:236:in `perform_action_without_benchmark'
    /gems/actionpack-0.9.5/lib/action_controller/benchmarking.rb:30:in `perform_action_without_rescue'
    /gems/actionpack-0.9.5/lib/action_controller/benchmarking.rb:30:in `measure'
    /gems/actionpack-0.9.5/lib/action_controller/benchmarking.rb:30:in `perform_action_without_rescue'
    /gems/actionpack-0.9.5/lib/action_controller/rescue.rb:68:in `perform_action'
    /gems/actionpack-0.9.5/lib/action_controller/base.rb:254:in `process'
    /gems/actionpack-0.9.5/lib/action_controller/base.rb:242:in `process'
    /gems/rails-0.8.5/lib/dispatcher.rb:35:in `dispatch'
    E:/dev/projects/digitalgravity/castle/trunk/site/railssite/public/dispatch.rb:10
    E:/dev/projects/digitalgravity/castle/trunk/site/railssite/public/dispatch.rb:1:in `load'
    E:/dev/projects/digitalgravity/castle/trunk/site/railssite/public/dispatch.rb:1
    -:7


Rendering c:/dev/ruby/runtime/lib/ruby/gems/1.8/gems/actionpack-0.9.5/lib/action_controller/templates/rescues/layout.rhtml (500 Internal Error)


Processing HomeController#index (for 127.0.0.1 at Thu Nov 18 01:13:11 Pacific Standard Time 2004)
  Parameters: {"action"=>"index", "id"=>nil, "controller"=>"home"}
Rendering home/index within layouts/castlelayout
Rendering layouts/castlelayout (200 OK)
Completed in 0.015000 (66 reqs/sec) | Rendering: 0.015000 (100%)


Processing HomeController#index (for 127.0.0.1 at Thu Nov 18 01:13:40 Pacific Standard Time 2004)
  Parameters: {"action"=>"index", "id"=>nil, "controller"=>"home"}
Rendering home/index within layouts/castlelayout
Rendering layouts/castlelayout (200 OK)
Completed in 0.015000 (66 reqs/sec) | Rendering: 0.015000 (100%)


Processing HomeController#index (for 127.0.0.1 at Thu Nov 18 01:15:27 Pacific Standard Time 2004)
  Parameters: {"action"=>"index", "id"=>nil, "controller"=>"home"}
Rendering home/index within layouts/castlelayout
Rendering layouts/castlelayout (200 OK)
Completed in 0.015000 (66 reqs/sec) | Rendering: 0.000000 (0%)


Processing HomeController#index (for 127.0.0.1 at Thu Nov 18 01:20:23 Pacific Standard Time 2004)
  Parameters: {"action"=>"index", "id"=>nil, "controller"=>"home"}
Rendering home/index within layouts/castlelayout
Rendering layouts/castlelayout (200 OK)
Completed in 0.016000 (62 reqs/sec) | Rendering: 0.016000 (100%)


Exception throw during dispatch: E:/dev/projects/digitalgravity/castle/trunk/site/railssite/public/../app/helpers/application_helper.rb:65: syntax error
        content += "<hr noshade size="1" color="#FFFFFF">"
                                       ^
c:/dev/ruby/runtime/lib/ruby/site_ruby/1.8/rubygems/loadpath_manager.rb:5:in `require__'
c:/dev/ruby/runtime/lib/ruby/site_ruby/1.8/rubygems/loadpath_manager.rb:5:in `require'
c:/dev/ruby/runtime/lib/ruby/gems/1.8/gems/actionpack-0.9.5/lib/action_controller/helpers.rb:56:in `helper'
c:/dev/ruby/runtime/lib/ruby/gems/1.8/gems/actionpack-0.9.5/lib/action_controller/helpers.rb:48:in `each'
c:/dev/ruby/runtime/lib/ruby/gems/1.8/gems/actionpack-0.9.5/lib/action_controller/helpers.rb:48:in `helper'
E:/dev/projects/digitalgravity/castle/trunk/site/railssite/public/../app/controllers/abstract_application.rb:6
c:/dev/ruby/runtime/lib/ruby/site_ruby/1.8/rubygems/loadpath_manager.rb:5:in `require__'
c:/dev/ruby/runtime/lib/ruby/site_ruby/1.8/rubygems/loadpath_manager.rb:5:in `require'
E:/dev/projects/digitalgravity/castle/trunk/site/railssite/public/../app/controllers/home_controller.rb:1
c:/dev/ruby/runtime/lib/ruby/site_ruby/1.8/rubygems/loadpath_manager.rb:5:in `require__'
c:/dev/ruby/runtime/lib/ruby/site_ruby/1.8/rubygems/loadpath_manager.rb:5:in `require'
c:/dev/ruby/runtime/lib/ruby/gems/1.8/gems/rails-0.8.5/lib/dispatcher.rb:34:in `dispatch'
E:/dev/projects/digitalgravity/castle/trunk/site/railssite/public/dispatch.rb:10
E:/dev/projects/digitalgravity/castle/trunk/site/railssite/public/dispatch.rb:1:in `load'
E:/dev/projects/digitalgravity/castle/trunk/site/railssite/public/dispatch.rb:1
-:7


Exception throw during dispatch: wrong number of arguments(3 for 0)
E:/dev/projects/digitalgravity/castle/trunk/site/railssite/public/../app/helpers/application_helper.rb:95:in `initialize'
E:/dev/projects/digitalgravity/castle/trunk/site/railssite/public/../app/helpers/application_helper.rb:95:in `new'
E:/dev/projects/digitalgravity/castle/trunk/site/railssite/public/../app/helpers/application_helper.rb:95
c:/dev/ruby/runtime/lib/ruby/site_ruby/1.8/rubygems/loadpath_manager.rb:5:in `require__'
c:/dev/ruby/runtime/lib/ruby/site_ruby/1.8/rubygems/loadpath_manager.rb:5:in `require'
c:/dev/ruby/runtime/lib/ruby/gems/1.8/gems/actionpack-0.9.5/lib/action_controller/helpers.rb:56:in `helper'
c:/dev/ruby/runtime/lib/ruby/gems/1.8/gems/actionpack-0.9.5/lib/action_controller/helpers.rb:48:in `each'
c:/dev/ruby/runtime/lib/ruby/gems/1.8/gems/actionpack-0.9.5/lib/action_controller/helpers.rb:48:in `helper'
E:/dev/projects/digitalgravity/castle/trunk/site/railssite/public/../app/controllers/abstract_application.rb:6
c:/dev/ruby/runtime/lib/ruby/site_ruby/1.8/rubygems/loadpath_manager.rb:5:in `require__'
c:/dev/ruby/runtime/lib/ruby/site_ruby/1.8/rubygems/loadpath_manager.rb:5:in `require'
E:/dev/projects/digitalgravity/castle/trunk/site/railssite/public/../app/controllers/home_controller.rb:1
c:/dev/ruby/runtime/lib/ruby/site_ruby/1.8/rubygems/loadpath_manager.rb:5:in `require__'
c:/dev/ruby/runtime/lib/ruby/site_ruby/1.8/rubygems/loadpath_manager.rb:5:in `require'
c:/dev/ruby/runtime/lib/ruby/gems/1.8/gems/rails-0.8.5/lib/dispatcher.rb:34:in `dispatch'
E:/dev/projects/digitalgravity/castle/trunk/site/railssite/public/dispatch.rb:10
E:/dev/projects/digitalgravity/castle/trunk/site/railssite/public/dispatch.rb:1:in `load'
E:/dev/projects/digitalgravity/castle/trunk/site/railssite/public/dispatch.rb:1
-:7


Exception throw during dispatch: wrong number of arguments(3 for 0)
E:/dev/projects/digitalgravity/castle/trunk/site/railssite/public/../app/helpers/application_helper.rb:95:in `initialize'
E:/dev/projects/digitalgravity/castle/trunk/site/railssite/public/../app/helpers/application_helper.rb:95:in `new'
E:/dev/projects/digitalgravity/castle/trunk/site/railssite/public/../app/helpers/application_helper.rb:95
c:/dev/ruby/runtime/lib/ruby/site_ruby/1.8/rubygems/loadpath_manager.rb:5:in `require__'
c:/dev/ruby/runtime/lib/ruby/site_ruby/1.8/rubygems/loadpath_manager.rb:5:in `require'
c:/dev/ruby/runtime/lib/ruby/gems/1.8/gems/actionpack-0.9.5/lib/action_controller/helpers.rb:56:in `helper'
c:/dev/ruby/runtime/lib/ruby/gems/1.8/gems/actionpack-0.9.5/lib/action_controller/helpers.rb:48:in `each'
c:/dev/ruby/runtime/lib/ruby/gems/1.8/gems/actionpack-0.9.5/lib/action_controller/helpers.rb:48:in `helper'
E:/dev/projects/digitalgravity/castle/trunk/site/railssite/public/../app/controllers/abstract_application.rb:6
c:/dev/ruby/runtime/lib/ruby/site_ruby/1.8/rubygems/loadpath_manager.rb:5:in `require__'
c:/dev/ruby/runtime/lib/ruby/site_ruby/1.8/rubygems/loadpath_manager.rb:5:in `require'
E:/dev/projects/digitalgravity/castle/trunk/site/railssite/public/../app/controllers/home_controller.rb:1
c:/dev/ruby/runtime/lib/ruby/site_ruby/1.8/rubygems/loadpath_manager.rb:5:in `require__'
c:/dev/ruby/runtime/lib/ruby/site_ruby/1.8/rubygems/loadpath_manager.rb:5:in `require'
c:/dev/ruby/runtime/lib/ruby/gems/1.8/gems/rails-0.8.5/lib/dispatcher.rb:34:in `dispatch'
E:/dev/projects/digitalgravity/castle/trunk/site/railssite/public/dispatch.rb:10
E:/dev/projects/digitalgravity/castle/trunk/site/railssite/public/dispatch.rb:1:in `load'
E:/dev/projects/digitalgravity/castle/trunk/site/railssite/public/dispatch.rb:1
-:7


Processing HomeController#index (for 127.0.0.1 at Thu Nov 18 01:38:04 Pacific Standard Time 2004)
  Parameters: {"action"=>"index", "id"=>nil, "controller"=>"home"}
Rendering home/index within layouts/castlelayout
Rendering layouts/castlelayout (200 OK)
Completed in 0.016000 (62 reqs/sec) | Rendering: 0.016000 (100%)


Processing HomeController#index (for 127.0.0.1 at Thu Nov 18 01:38:44 Pacific Standard Time 2004)
  Parameters: {"action"=>"index", "id"=>nil, "controller"=>"home"}
Rendering home/index within layouts/castlelayout
Rendering layouts/castlelayout (200 OK)
Completed in 0.015000 (66 reqs/sec) | Rendering: 0.015000 (100%)


Processing HomeController#index (for 127.0.0.1 at Thu Nov 18 01:40:48 Pacific Standard Time 2004)
  Parameters: {"action"=>"index", "id"=>nil, "controller"=>"home"}
Rendering home/index within layouts/castlelayout


ActionView::TemplateError (undefined local variable or method `projects' for #<ActionView::Base:0x326cc78>) on line #11 of /home/index.rhtml:
8: <% add_rightmenu( 'Mission', '/home/mission' ) %>
9: <% add_rightmenu_separator( ) %>
10: <% add_rightmenu( 'Projects', '/projects/', false ) %>
11: <% projects.each do |project| %>
12: <% add_rightmenu( project.name, project.link ) %>
13: <% end %>
14: 

    (erb):11:in `render_template'
    /gems/actionpack-0.9.5/lib/action_view/base.rb:201:in `render_template'
    /gems/actionpack-0.9.5/lib/action_view/base.rb:176:in `render_file'
    /gems/actionpack-0.9.5/lib/action_controller/layout.rb:142:in `render_without_benchmark'
    /gems/actionpack-0.9.5/lib/action_controller/benchmarking.rb:22:in `render'
    /gems/actionpack-0.9.5/lib/action_controller/benchmarking.rb:22:in `measure'
    /gems/actionpack-0.9.5/lib/action_controller/benchmarking.rb:22:in `render'
    /gems/actionpack-0.9.5/lib/action_controller/base.rb:578:in `perform_action_without_filters'
    /gems/actionpack-0.9.5/lib/action_controller/filters.rb:236:in `perform_action_without_benchmark'
    /gems/actionpack-0.9.5/lib/action_controller/benchmarking.rb:30:in `perform_action_without_rescue'
    /gems/actionpack-0.9.5/lib/action_controller/benchmarking.rb:30:in `measure'
    /gems/actionpack-0.9.5/lib/action_controller/benchmarking.rb:30:in `perform_action_without_rescue'
    /gems/actionpack-0.9.5/lib/action_controller/rescue.rb:68:in `perform_action'
    /gems/actionpack-0.9.5/lib/action_controller/base.rb:254:in `process'
    /gems/actionpack-0.9.5/lib/action_controller/base.rb:242:in `process'
    /gems/rails-0.8.5/lib/dispatcher.rb:35:in `dispatch'
    E:/dev/projects/digitalgravity/castle/trunk/site/railssite/public/dispatch.rb:10
    E:/dev/projects/digitalgravity/castle/trunk/site/railssite/public/dispatch.rb:1:in `load'
    E:/dev/projects/digitalgravity/castle/trunk/site/railssite/public/dispatch.rb:1
    -:7


Rendering c:/dev/ruby/runtime/lib/ruby/gems/1.8/gems/actionpack-0.9.5/lib/action_controller/templates/rescues/layout.rhtml (500 Internal Error)


Processing HomeController#index (for 127.0.0.1 at Thu Nov 18 01:41:23 Pacific Standard Time 2004)
  Parameters: {"action"=>"index", "id"=>nil, "controller"=>"home"}
Rendering home/index within layouts/castlelayout
Rendering layouts/castlelayout (200 OK)
Completed in 0.016000 (62 reqs/sec) | Rendering: 0.016000 (100%)


Processing HomeController#index (for 127.0.0.1 at Thu Nov 18 01:41:53 Pacific Standard Time 2004)
  Parameters: {"action"=>"index", "id"=>nil, "controller"=>"home"}
Rendering home/index within layouts/castlelayout
Rendering layouts/castlelayout (200 OK)
Completed in 0.016000 (62 reqs/sec) | Rendering: 0.016000 (100%)


Processing HomeController#index (for 127.0.0.1 at Thu Nov 18 01:43:49 Pacific Standard Time 2004)
  Parameters: {"action"=>"index", "id"=>nil, "controller"=>"home"}
Rendering home/index within layouts/castlelayout
Rendering layouts/castlelayout (200 OK)
Completed in 0.016000 (62 reqs/sec) | Rendering: 0.016000 (100%)


Processing HomeController#index (for 127.0.0.1 at Thu Nov 18 01:45:18 Pacific Standard Time 2004)
  Parameters: {"action"=>"index", "id"=>nil, "controller"=>"home"}
Rendering home/index within layouts/castlelayout
Rendering layouts/castlelayout (200 OK)
Completed in 0.016000 (62 reqs/sec) | Rendering: 0.016000 (100%)


Processing HomeController#index (for 127.0.0.1 at Thu Nov 18 01:56:03 Pacific Standard Time 2004)
  Parameters: {"action"=>"index", "id"=>nil, "controller"=>"home"}
Rendering home/index within layouts/castlelayout
Rendering layouts/castlelayout (200 OK)
Completed in 0.015000 (66 reqs/sec) | Rendering: 0.015000 (100%)


Processing HomeController#index (for 127.0.0.1 at Thu Nov 18 02:07:07 Pacific Standard Time 2004)
  Parameters: {"action"=>"index", "id"=>nil, "controller"=>"home"}
Rendering home/index within layouts/castlelayout
Rendering layouts/castlelayout (200 OK)
Completed in 0.016000 (62 reqs/sec) | Rendering: 0.016000 (100%)


Processing AboutController#index (for 127.0.0.1 at Thu Nov 18 02:07:12 Pacific Standard Time 2004)
  Parameters: {"action"=>"index", "id"=>nil, "controller"=>"about"}
Rendering about/index within layouts/castlelayout
Rendering layouts/castlelayout (200 OK)
Completed in 0.000100 (10000 reqs/sec) | Rendering: 0.000000 (0%)


Processing AboutController#index (for 127.0.0.1 at Thu Nov 18 02:07:45 Pacific Standard Time 2004)
  Parameters: {"action"=>"index", "id"=>nil, "controller"=>"about"}
Rendering about/index within layouts/castlelayout
Rendering layouts/castlelayout (200 OK)
Completed in 0.016000 (62 reqs/sec) | Rendering: 0.016000 (100%)


Processing AboutController#index (for 127.0.0.1 at Thu Nov 18 02:08:32 Pacific Standard Time 2004)
  Parameters: {"action"=>"index", "id"=>nil, "controller"=>"about"}
Rendering about/index within layouts/castlelayout
Rendering layouts/castlelayout (200 OK)
Completed in 0.000100 (10000 reqs/sec) | Rendering: 0.000000 (0%)


Processing AboutController#index (for 127.0.0.1 at Thu Nov 18 02:12:50 Pacific Standard Time 2004)
  Parameters: {"action"=>"index", "id"=>nil, "controller"=>"about"}
Rendering about/index within layouts/castlelayout
Rendering layouts/castlelayout (200 OK)
Completed in 0.031000 (32 reqs/sec) | Rendering: 0.031000 (100%)


Processing AboutController#index (for 127.0.0.1 at Thu Nov 18 02:14:28 Pacific Standard Time 2004)
  Parameters: {"action"=>"index", "id"=>nil, "controller"=>"about"}
Rendering about/index within layouts/castlelayout
Rendering layouts/castlelayout (200 OK)
Completed in 0.016000 (62 reqs/sec) | Rendering: 0.016000 (100%)


Processing AboutController#index (for 127.0.0.1 at Thu Nov 18 02:17:32 Pacific Standard Time 2004)
  Parameters: {"action"=>"index", "id"=>nil, "controller"=>"about"}
Rendering about/index within layouts/castlelayout
Rendering layouts/castlelayout (200 OK)
Completed in 0.015000 (66 reqs/sec) | Rendering: 0.015000 (100%)


Processing AboutController#index (for 127.0.0.1 at Thu Nov 18 02:21:33 Pacific Standard Time 2004)
  Parameters: {"action"=>"index", "id"=>nil, "controller"=>"about"}
Rendering about/index within layouts/castlelayout
Rendering layouts/castlelayout (200 OK)
Completed in 0.031000 (32 reqs/sec) | Rendering: 0.031000 (100%)


Processing HomeController#index (for 127.0.0.1 at Thu Nov 18 02:21:44 Pacific Standard Time 2004)
  Parameters: {"action"=>"index", "id"=>nil, "controller"=>"home"}
Rendering home/index within layouts/castlelayout
Rendering layouts/castlelayout (200 OK)
Completed in 0.016000 (62 reqs/sec) | Rendering: 0.016000 (100%)


Processing HomeController#rationale (for 127.0.0.1 at Thu Nov 18 02:21:52 Pacific Standard Time 2004)
  Parameters: {"action"=>"rationale", "id"=>nil, "controller"=>"home"}
Rendering home/rationale within layouts/castlelayout


ActionView::ActionViewError (No rhtml or rxml template found for home/rationale):
    /gems/actionpack-0.9.5/lib/action_view/base.rb:210:in `pick_template_extension'
    /gems/actionpack-0.9.5/lib/action_view/base.rb:166:in `render_file'
    /gems/actionpack-0.9.5/lib/action_controller/layout.rb:142:in `render_without_benchmark'
    /gems/actionpack-0.9.5/lib/action_controller/benchmarking.rb:22:in `render'
    /gems/actionpack-0.9.5/lib/action_controller/benchmarking.rb:22:in `measure'
    /gems/actionpack-0.9.5/lib/action_controller/benchmarking.rb:22:in `render'
    /gems/actionpack-0.9.5/lib/action_controller/base.rb:578:in `perform_action_without_filters'
    /gems/actionpack-0.9.5/lib/action_controller/filters.rb:236:in `perform_action_without_benchmark'
    /gems/actionpack-0.9.5/lib/action_controller/benchmarking.rb:30:in `perform_action_without_rescue'
    /gems/actionpack-0.9.5/lib/action_controller/benchmarking.rb:30:in `measure'
    /gems/actionpack-0.9.5/lib/action_controller/benchmarking.rb:30:in `perform_action_without_rescue'
    /gems/actionpack-0.9.5/lib/action_controller/rescue.rb:68:in `perform_action'
    /gems/actionpack-0.9.5/lib/action_controller/base.rb:254:in `process'
    /gems/actionpack-0.9.5/lib/action_controller/base.rb:242:in `process'
    /gems/rails-0.8.5/lib/dispatcher.rb:35:in `dispatch'
    E:/dev/projects/digitalgravity/castle/trunk/site/railssite/public/dispatch.rb:10
    E:/dev/projects/digitalgravity/castle/trunk/site/railssite/public/dispatch.rb:1:in `load'
    E:/dev/projects/digitalgravity/castle/trunk/site/railssite/public/dispatch.rb:1
    -:7


Rendering c:/dev/ruby/runtime/lib/ruby/gems/1.8/gems/actionpack-0.9.5/lib/action_controller/templates/rescues/layout.rhtml (500 Internal Error)


Processing HomeController#rationale (for 127.0.0.1 at Thu Nov 18 02:22:31 Pacific Standard Time 2004)
  Parameters: {"action"=>"rationale", "id"=>nil, "controller"=>"home"}
Rendering home/rationale within layouts/castlelayout


ActionView::ActionViewError (No rhtml or rxml template found for home/rationale):
    /gems/actionpack-0.9.5/lib/action_view/base.rb:210:in `pick_template_extension'
    /gems/actionpack-0.9.5/lib/action_view/base.rb:166:in `render_file'
    /gems/actionpack-0.9.5/lib/action_controller/layout.rb:142:in `render_without_benchmark'
    /gems/actionpack-0.9.5/lib/action_controller/benchmarking.rb:22:in `render'
    /gems/actionpack-0.9.5/lib/action_controller/benchmarking.rb:22:in `measure'
    /gems/actionpack-0.9.5/lib/action_controller/benchmarking.rb:22:in `render'
    /gems/actionpack-0.9.5/lib/action_controller/base.rb:578:in `perform_action_without_filters'
    /gems/actionpack-0.9.5/lib/action_controller/filters.rb:236:in `perform_action_without_benchmark'
    /gems/actionpack-0.9.5/lib/action_controller/benchmarking.rb:30:in `perform_action_without_rescue'
    /gems/actionpack-0.9.5/lib/action_controller/benchmarking.rb:30:in `measure'
    /gems/actionpack-0.9.5/lib/action_controller/benchmarking.rb:30:in `perform_action_without_rescue'
    /gems/actionpack-0.9.5/lib/action_controller/rescue.rb:68:in `perform_action'
    /gems/actionpack-0.9.5/lib/action_controller/base.rb:254:in `process'
    /gems/actionpack-0.9.5/lib/action_controller/base.rb:242:in `process'
    /gems/rails-0.8.5/lib/dispatcher.rb:35:in `dispatch'
    E:/dev/projects/digitalgravity/castle/trunk/site/railssite/public/dispatch.rb:10
    E:/dev/projects/digitalgravity/castle/trunk/site/railssite/public/dispatch.rb:1:in `load'
    E:/dev/projects/digitalgravity/castle/trunk/site/railssite/public/dispatch.rb:1
    -:7


Rendering c:/dev/ruby/runtime/lib/ruby/gems/1.8/gems/actionpack-0.9.5/lib/action_controller/templates/rescues/layout.rhtml (500 Internal Error)


Processing HomeController#rationale (for 127.0.0.1 at Thu Nov 18 02:22:58 Pacific Standard Time 2004)
  Parameters: {"action"=>"rationale", "id"=>nil, "controller"=>"home"}
Rendering home/rationale within layouts/castlelayout
Rendering layouts/castlelayout (200 OK)
Completed in 0.015000 (66 reqs/sec) | Rendering: 0.015000 (100%)


Processing HomeController#rationale (for 127.0.0.1 at Thu Nov 18 02:30:42 Pacific Standard Time 2004)
  Parameters: {"action"=>"rationale", "id"=>nil, "controller"=>"home"}
Rendering home/rationale within layouts/castlelayout
Rendering layouts/castlelayout (200 OK)
Completed in 0.031000 (32 reqs/sec) | Rendering: 0.031000 (100%)


Processing HomeController#rationale (for 127.0.0.1 at Thu Nov 18 02:32:05 Pacific Standard Time 2004)
  Parameters: {"action"=>"rationale", "id"=>nil, "controller"=>"home"}
Rendering home/rationale within layouts/castlelayout
Rendering layouts/castlelayout (200 OK)
Completed in 0.016000 (62 reqs/sec) | Rendering: 0.016000 (100%)


Processing HomeController#rationale (for 127.0.0.1 at Thu Nov 18 02:34:14 Pacific Standard Time 2004)
  Parameters: {"action"=>"rationale", "id"=>nil, "controller"=>"home"}
Rendering home/rationale within layouts/castlelayout
Rendering layouts/castlelayout (200 OK)
Completed in 0.016000 (62 reqs/sec) | Rendering: 0.016000 (100%)


Processing HomeController#mission (for 127.0.0.1 at Thu Nov 18 02:34:17 Pacific Standard Time 2004)
  Parameters: {"action"=>"mission", "id"=>nil, "controller"=>"home"}
Rendering home/mission within layouts/castlelayout
Rendering layouts/castlelayout (200 OK)
Completed in 0.015000 (66 reqs/sec) | Rendering: 0.015000 (100%)


Processing HomeController#mission (for 127.0.0.1 at Thu Nov 18 02:38:09 Pacific Standard Time 2004)
  Parameters: {"action"=>"mission", "id"=>nil, "controller"=>"home"}
Rendering home/mission within layouts/castlelayout
Rendering layouts/castlelayout (200 OK)
Completed in 0.015000 (66 reqs/sec) | Rendering: 0.015000 (100%)


Processing HomeController#mission (for 127.0.0.1 at Thu Nov 18 02:41:24 Pacific Standard Time 2004)
  Parameters: {"action"=>"mission", "id"=>nil, "controller"=>"home"}
Rendering home/mission within layouts/castlelayout
Rendering layouts/castlelayout (200 OK)
Completed in 0.000100 (10000 reqs/sec) | Rendering: 0.000000 (0%)


Processing HomeController#mission (for 127.0.0.1 at Thu Nov 18 02:42:41 Pacific Standard Time 2004)
  Parameters: {"action"=>"mission", "id"=>nil, "controller"=>"home"}
Rendering home/mission within layouts/castlelayout
Rendering layouts/castlelayout (200 OK)
Completed in 0.016000 (62 reqs/sec) | Rendering: 0.016000 (100%)


Exception throw during dispatch: No such file to load -- castleonrails_controller
c:/dev/ruby/runtime/lib/ruby/site_ruby/1.8/rubygems/loadpath_manager.rb:5:in `require__'
c:/dev/ruby/runtime/lib/ruby/site_ruby/1.8/rubygems/loadpath_manager.rb:5:in `require'
c:/dev/ruby/runtime/lib/ruby/gems/1.8/gems/rails-0.8.5/lib/dispatcher.rb:34:in `dispatch'
E:/dev/projects/digitalgravity/castle/trunk/site/railssite/public/dispatch.rb:10
E:/dev/projects/digitalgravity/castle/trunk/site/railssite/public/dispatch.rb:1:in `load'
E:/dev/projects/digitalgravity/castle/trunk/site/railssite/public/dispatch.rb:1
-:7


Processing DynamicproxyController#index (for 127.0.0.1 at Thu Nov 18 02:43:51 Pacific Standard Time 2004)
  Parameters: {"action"=>"index", "id"=>nil, "controller"=>"dynamicproxy"}
Rendering dynamicproxy/index within layouts/castlelayout
Rendering layouts/castlelayout (200 OK)
Completed in 0.000100 (10000 reqs/sec) | Rendering: 0.000000 (0%)


Processing DynamicproxyController#index (for 127.0.0.1 at Thu Nov 18 02:45:39 Pacific Standard Time 2004)
  Parameters: {"action"=>"index", "id"=>nil, "controller"=>"dynamicproxy"}
Rendering dynamicproxy/index within layouts/castlelayout
Rendering layouts/castlelayout (200 OK)
Completed in 0.016000 (62 reqs/sec) | Rendering: 0.016000 (100%)


Processing DynamicproxyController#index (for 127.0.0.1 at Thu Nov 18 02:47:35 Pacific Standard Time 2004)
  Parameters: {"action"=>"index", "id"=>nil, "controller"=>"dynamicproxy"}
Rendering dynamicproxy/index within layouts/castlelayout
Rendering layouts/castlelayout (200 OK)
Completed in 0.016000 (62 reqs/sec) | Rendering: 0.016000 (100%)


Processing DynamicproxyController#index (for 127.0.0.1 at Thu Nov 18 02:49:59 Pacific Standard Time 2004)
  Parameters: {"action"=>"index", "id"=>nil, "controller"=>"dynamicproxy"}
Rendering dynamicproxy/index within layouts/castlelayout
Rendering layouts/castlelayout (200 OK)
Completed in 0.016000 (62 reqs/sec) | Rendering: 0.016000 (100%)


Processing DynamicproxyController#index (for 127.0.0.1 at Thu Nov 18 02:50:20 Pacific Standard Time 2004)
  Parameters: {"action"=>"index", "id"=>nil, "controller"=>"dynamicproxy"}
Rendering dynamicproxy/index within layouts/castlelayout
Rendering layouts/castlelayout (200 OK)
Completed in 0.015000 (66 reqs/sec) | Rendering: 0.015000 (100%)


Processing DynamicproxyController#index (for 127.0.0.1 at Thu Nov 18 02:51:04 Pacific Standard Time 2004)
  Parameters: {"action"=>"index", "id"=>nil, "controller"=>"dynamicproxy"}
Rendering dynamicproxy/index within layouts/castlelayout
Rendering layouts/castlelayout (200 OK)
Completed in 0.031000 (32 reqs/sec) | Rendering: 0.031000 (100%)


Processing DynamicproxyController#index (for 127.0.0.1 at Thu Nov 18 02:52:34 Pacific Standard Time 2004)
  Parameters: {"action"=>"index", "id"=>nil, "controller"=>"dynamicproxy"}
Rendering dynamicproxy/index within layouts/castlelayout
Rendering layouts/castlelayout (200 OK)
Completed in 0.016000 (62 reqs/sec) | Rendering: 0.016000 (100%)


Processing DynamicproxyController#index (for 127.0.0.1 at Thu Nov 18 02:54:32 Pacific Standard Time 2004)
  Parameters: {"action"=>"index", "id"=>nil, "controller"=>"dynamicproxy"}
Rendering dynamicproxy/index within layouts/castlelayout
Rendering layouts/castlelayout (200 OK)
Completed in 0.031000 (32 reqs/sec) | Rendering: 0.031000 (100%)


Processing DynamicproxyController#index (for 127.0.0.1 at Thu Nov 18 02:54:35 Pacific Standard Time 2004)
  Parameters: {"action"=>"index", "id"=>nil, "controller"=>"dynamicproxy"}
Rendering dynamicproxy/index within layouts/castlelayout
Rendering layouts/castlelayout (200 OK)
Completed in 0.016000 (62 reqs/sec) | Rendering: 0.016000 (100%)


Processing DynamicproxyController#index (for 127.0.0.1 at Thu Nov 18 03:03:22 Pacific Standard Time 2004)
  Parameters: {"action"=>"index", "id"=>nil, "controller"=>"dynamicproxy"}
Rendering dynamicproxy/index within layouts/castlelayout
Rendering layouts/castlelayout (200 OK)
Completed in 0.015000 (66 reqs/sec) | Rendering: 0.015000 (100%)


Processing DynamicproxyController#index (for 127.0.0.1 at Thu Nov 18 03:03:28 Pacific Standard Time 2004)
  Parameters: {"action"=>"index", "id"=>nil, "controller"=>"dynamicproxy"}
Rendering dynamicproxy/index within layouts/castlelayout
Rendering layouts/castlelayout (200 OK)
Completed in 0.015000 (66 reqs/sec) | Rendering: 0.015000 (100%)


Processing DynamicproxyController#howitworks (for 127.0.0.1 at Thu Nov 18 03:03:32 Pacific Standard Time 2004)
  Parameters: {"action"=>"howitworks", "id"=>nil, "controller"=>"dynamicproxy"}
Rendering dynamicproxy/howitworks within layouts/castlelayout
Rendering layouts/castlelayout (200 OK)
Completed in 0.016000 (62 reqs/sec) | Rendering: 0.016000 (100%)


Processing DynamicproxyController#mixins (for 127.0.0.1 at Thu Nov 18 03:08:13 Pacific Standard Time 2004)
  Parameters: {"action"=>"mixins", "id"=>nil, "controller"=>"dynamicproxy"}
Rendering dynamicproxy/mixins within layouts/castlelayout
Rendering layouts/castlelayout (200 OK)
Completed in 0.016000 (62 reqs/sec) | Rendering: 0.016000 (100%)


Processing DynamicproxyController#mixins (for 127.0.0.1 at Thu Nov 18 03:09:43 Pacific Standard Time 2004)
  Parameters: {"action"=>"mixins", "id"=>nil, "controller"=>"dynamicproxy"}
Rendering dynamicproxy/mixins within layouts/castlelayout
Rendering layouts/castlelayout (200 OK)
Completed in 0.015000 (66 reqs/sec) | Rendering: 0.015000 (100%)


Processing DynamicproxyController#mixins (for 127.0.0.1 at Thu Nov 18 03:14:04 Pacific Standard Time 2004)
  Parameters: {"action"=>"mixins", "id"=>nil, "controller"=>"dynamicproxy"}
Rendering dynamicproxy/mixins within layouts/castlelayout
Rendering layouts/castlelayout (200 OK)
Completed in 0.016000 (62 reqs/sec) | Rendering: 0.016000 (100%)


Processing DynamicproxyController#serialization (for 127.0.0.1 at Thu Nov 18 03:14:07 Pacific Standard Time 2004)
  Parameters: {"action"=>"serialization", "id"=>nil, "controller"=>"dynamicproxy"}
Rendering dynamicproxy/serialization within layouts/castlelayout
Rendering layouts/castlelayout (200 OK)
Completed in 0.015000 (66 reqs/sec) | Rendering: 0.015000 (100%)


Processing DynamicproxyController#serialization (for 127.0.0.1 at Thu Nov 18 03:14:52 Pacific Standard Time 2004)
  Parameters: {"action"=>"serialization", "id"=>nil, "controller"=>"dynamicproxy"}
Rendering dynamicproxy/serialization within layouts/castlelayout
Rendering layouts/castlelayout (200 OK)
Completed in 0.015000 (66 reqs/sec) | Rendering: 0.015000 (100%)


Processing DynamicproxyController#mixins (for 127.0.0.1 at Thu Nov 18 03:14:57 Pacific Standard Time 2004)
  Parameters: {"action"=>"mixins", "id"=>nil, "controller"=>"dynamicproxy"}
Rendering dynamicproxy/mixins within layouts/castlelayout
Rendering layouts/castlelayout (200 OK)
Completed in 0.016000 (62 reqs/sec) | Rendering: 0.016000 (100%)


Processing DynamicproxyController#howitworks (for 127.0.0.1 at Thu Nov 18 03:15:02 Pacific Standard Time 2004)
  Parameters: {"action"=>"howitworks", "id"=>nil, "controller"=>"dynamicproxy"}
Rendering dynamicproxy/howitworks within layouts/castlelayout
Rendering layouts/castlelayout (200 OK)
Completed in 0.016000 (62 reqs/sec) | Rendering: 0.016000 (100%)


Processing DynamicproxyController#coverage (for 127.0.0.1 at Thu Nov 18 03:15:10 Pacific Standard Time 2004)
  Parameters: {"action"=>"coverage", "id"=>nil, "controller"=>"dynamicproxy"}
Rendering dynamicproxy/coverage within layouts/castlelayout
Rendering layouts/castlelayout (200 OK)
Completed in 0.016000 (62 reqs/sec) | Rendering: 0.016000 (100%)


Processing DynamicproxyController#coverage (for 127.0.0.1 at Thu Nov 18 03:20:40 Pacific Standard Time 2004)
  Parameters: {"action"=>"coverage", "id"=>nil, "controller"=>"dynamicproxy"}
Rendering dynamicproxy/coverage within layouts/castlelayout
Rendering layouts/castlelayout (200 OK)
Completed in 0.016000 (62 reqs/sec) | Rendering: 0.016000 (100%)


Processing DynamicproxyController#download (for 127.0.0.1 at Thu Nov 18 03:25:34 Pacific Standard Time 2004)
  Parameters: {"action"=>"download", "id"=>nil, "controller"=>"dynamicproxy"}
Rendering dynamicproxy/download within layouts/castlelayout
Rendering layouts/castlelayout (200 OK)
Completed in 0.016000 (62 reqs/sec) | Rendering: 0.016000 (100%)


Processing DynamicproxyController#download (for 127.0.0.1 at Thu Nov 18 03:27:40 Pacific Standard Time 2004)
  Parameters: {"action"=>"download", "id"=>nil, "controller"=>"dynamicproxy"}
Rendering dynamicproxy/download within layouts/castlelayout
Rendering layouts/castlelayout (200 OK)
Completed in 0.016000 (62 reqs/sec) | Rendering: 0.016000 (100%)


Processing HomeController#index (for 127.0.0.1 at Thu Nov 18 03:27:45 Pacific Standard Time 2004)
  Parameters: {"action"=>"index", "id"=>nil, "controller"=>"home"}
Rendering home/index within layouts/castlelayout
Rendering layouts/castlelayout (200 OK)
Completed in 0.031000 (32 reqs/sec) | Rendering: 0.031000 (100%)


Processing AboutController#index (for 127.0.0.1 at Thu Nov 18 03:28:04 Pacific Standard Time 2004)
  Parameters: {"action"=>"index", "id"=>nil, "controller"=>"about"}
Rendering about/index within layouts/castlelayout
Rendering layouts/castlelayout (200 OK)
Completed in 0.047000 (21 reqs/sec) | Rendering: 0.047000 (100%)
